# JRE version: OpenJDK Runtime Environment (11.0.13) (build 11.0.13+0-b1751.21-8125866)
# Java VM: OpenJDK 64-Bit Server VM (11.0.13+0-b1751.21-8125866, mixed mode, tiered, compressed oops, g1 gc, windows-amd64)
Heap:
 garbage-first heap   total 582656K, used 298088K [0x0000000080000000, 0x0000000100000000)
  region size 1024K, 3 young (3072K), 3 survivors (3072K)
 Metaspace       used 132560K, capacity 136651K, committed 137520K, reserved 1169408K
  class space    used 16567K, capacity 18039K, committed 18304K, reserved 1048576K
GC Heap History (20 events):
Event: 208.012 GC heap after
{Heap after GC invocations=135 (full 0):
 garbage-first heap   total 395264K, used 184390K [0x0000000080000000, 0x0000000100000000)
  region size 1024K, 5 young (5120K), 5 survivors (5120K)
 Metaspace       used 116850K, capacity 120375K, committed 120624K, reserved 1155072K
  class space    used 14395K, capacity 15625K, committed 15744K, reserved 1048576K
}
Event: 209.426 GC heap before
{Heap before GC invocations=135 (full 0):
 garbage-first heap   total 395264K, used 271430K [0x0000000080000000, 0x0000000100000000)
  region size 1024K, 91 young (93184K), 5 survivors (5120K)
 Metaspace       used 120695K, capacity 124170K, committed 124336K, reserved 1157120K
  class space    used 14864K, capacity 16086K, committed 16128K, reserved 1048576K
}
Event: 209.435 GC heap after
{Heap after GC invocations=136 (full 0):
 garbage-first heap   total 395264K, used 188076K [0x0000000080000000, 0x0000000100000000)
  region size 1024K, 8 young (8192K), 8 survivors (8192K)
 Metaspace       used 120695K, capacity 124170K, committed 124336K, reserved 1157120K
  class space    used 14864K, capacity 16086K, committed 16128K, reserved 1048576K
}
Event: 210.384 GC heap before
{Heap before GC invocations=136 (full 0):
 garbage-first heap   total 395264K, used 289452K [0x0000000080000000, 0x0000000100000000)
  region size 1024K, 107 young (109568K), 8 survivors (8192K)
 Metaspace       used 121750K, capacity 125274K, committed 125488K, reserved 1159168K
  class space    used 14993K, capacity 16216K, committed 16256K, reserved 1048576K
}
Event: 210.414 GC heap after
{Heap after GC invocations=137 (full 0):
 garbage-first heap   total 395264K, used 196202K [0x0000000080000000, 0x0000000100000000)
  region size 1024K, 14 young (14336K), 14 survivors (14336K)
 Metaspace       used 121750K, capacity 125274K, committed 125488K, reserved 1159168K
  class space    used 14993K, capacity 16216K, committed 16256K, reserved 1048576K
}
Event: 211.598 GC heap before
{Heap before GC invocations=138 (full 0):
 garbage-first heap   total 395264K, used 300650K [0x0000000080000000, 0x0000000100000000)
  region size 1024K, 115 young (117760K), 14 survivors (14336K)
 Metaspace       used 122504K, capacity 126058K, committed 126128K, reserved 1159168K
  class space    used 15101K, capacity 16328K, committed 16384K, reserved 1048576K
}
Event: 211.628 GC heap after
{Heap after GC invocations=139 (full 0):
 garbage-first heap   total 395264K, used 209693K [0x0000000080000000, 0x0000000100000000)
  region size 1024K, 15 young (15360K), 15 survivors (15360K)
 Metaspace       used 122504K, capacity 126058K, committed 126128K, reserved 1159168K
  class space    used 15101K, capacity 16328K, committed 16384K, reserved 1048576K
}
Event: 211.637 GC heap before
{Heap before GC invocations=139 (full 0):
 garbage-first heap   total 395264K, used 212765K [0x0000000080000000, 0x0000000100000000)
  region size 1024K, 19 young (19456K), 15 survivors (15360K)
 Metaspace       used 122514K, capacity 126060K, committed 126128K, reserved 1159168K
  class space    used 15101K, capacity 16328K, committed 16384K, reserved 1048576K
}
Event: 211.657 GC heap after
{Heap after GC invocations=140 (full 0):
 garbage-first heap   total 395264K, used 208077K [0x0000000080000000, 0x0000000100000000)
  region size 1024K, 3 young (3072K), 3 survivors (3072K)
 Metaspace       used 122514K, capacity 126060K, committed 126128K, reserved 1159168K
  class space    used 15101K, capacity 16328K, committed 16384K, reserved 1048576K
}
Event: 212.640 GC heap before
{Heap before GC invocations=140 (full 0):
 garbage-first heap   total 395264K, used 305357K [0x0000000080000000, 0x0000000100000000)
  region size 1024K, 99 young (101376K), 3 survivors (3072K)
 Metaspace       used 124659K, capacity 128438K, committed 128560K, reserved 1161216K
  class space    used 15425K, capacity 16735K, committed 16768K, reserved 1048576K
}
Event: 212.656 GC heap after
{Heap after GC invocations=141 (full 0):
 garbage-first heap   total 476160K, used 230285K [0x0000000080000000, 0x0000000100000000)
  region size 1024K, 13 young (13312K), 13 survivors (13312K)
 Metaspace       used 124659K, capacity 128438K, committed 128560K, reserved 1161216K
  class space    used 15425K, capacity 16735K, committed 16768K, reserved 1048576K
}
Event: 213.585 GC heap before
{Heap before GC invocations=141 (full 0):
 garbage-first heap   total 476160K, used 361357K [0x0000000080000000, 0x0000000100000000)
  region size 1024K, 142 young (145408K), 13 survivors (13312K)
 Metaspace       used 128660K, capacity 132668K, committed 132784K, reserved 1165312K
  class space    used 15970K, capacity 17390K, committed 17408K, reserved 1048576K
}
Event: 213.615 GC heap after
{Heap after GC invocations=142 (full 0):
 garbage-first heap   total 476160K, used 249856K [0x0000000080000000, 0x0000000100000000)
  region size 1024K, 18 young (18432K), 18 survivors (18432K)
 Metaspace       used 128660K, capacity 132668K, committed 132784K, reserved 1165312K
  class space    used 15970K, capacity 17390K, committed 17408K, reserved 1048576K
}
Event: 214.009 GC heap before
{Heap before GC invocations=142 (full 0):
 garbage-first heap   total 476160K, used 364544K [0x0000000080000000, 0x0000000100000000)
  region size 1024K, 130 young (133120K), 18 survivors (18432K)
 Metaspace       used 129985K, capacity 134075K, committed 134320K, reserved 1165312K
  class space    used 16192K, capacity 17664K, committed 17664K, reserved 1048576K
}
Event: 214.059 GC heap after
{Heap after GC invocations=143 (full 0):
 garbage-first heap   total 476160K, used 270336K [0x0000000080000000, 0x0000000100000000)
  region size 1024K, 17 young (17408K), 17 survivors (17408K)
 Metaspace       used 129985K, capacity 134075K, committed 134320K, reserved 1165312K
  class space    used 16192K, capacity 17664K, committed 17664K, reserved 1048576K
}
Event: 214.373 GC heap before
{Heap before GC invocations=143 (full 0):
 garbage-first heap   total 476160K, used 374784K [0x0000000080000000, 0x0000000100000000)
  region size 1024K, 119 young (121856K), 17 survivors (17408K)
 Metaspace       used 131703K, capacity 135905K, committed 135984K, reserved 1167360K
  class space    used 16475K, capacity 18004K, committed 18048K, reserved 1048576K
}
Event: 214.423 GC heap after
{Heap after GC invocations=144 (full 0):
 garbage-first heap   total 476160K, used 288768K [0x0000000080000000, 0x0000000100000000)
  region size 1024K, 15 young (15360K), 15 survivors (15360K)
 Metaspace       used 131703K, capacity 135905K, committed 135984K, reserved 1167360K
  class space    used 16475K, capacity 18004K, committed 18048K, reserved 1048576K
}
Event: 215.063 GC heap before
{Heap before GC invocations=145 (full 0):
 garbage-first heap   total 476160K, used 381952K [0x0000000080000000, 0x0000000100000000)
  region size 1024K, 106 young (108544K), 15 survivors (15360K)
 Metaspace       used 132527K, capacity 136584K, committed 137264K, reserved 1169408K
  class space    used 16564K, capacity 18038K, committed 18304K, reserved 1048576K
}
Event: 215.102 GC heap after
{Heap after GC invocations=146 (full 0):
 garbage-first heap   total 476160K, used 303333K [0x0000000080000000, 0x0000000100000000)
  region size 1024K, 13 young (13312K), 13 survivors (13312K)
 Metaspace       used 132527K, capacity 136584K, committed 137264K, reserved 1169408K
  class space    used 16564K, capacity 18038K, committed 18304K, reserved 1048576K
}
Event: 215.136 GC heap before
{Heap before GC invocations=146 (full 0):
 garbage-first heap   total 476160K, used 313573K [0x0000000080000000, 0x0000000100000000)
  region size 1024K, 23 young (23552K), 13 survivors (13312K)
 Metaspace       used 132560K, capacity 136651K, committed 137520K, reserved 1169408K
  class space    used 16567K, capacity 18039K, committed 18304K, reserved 1048576K
}

