# JRE version: OpenJDK Runtime Environment (11.0.13) (build 11.0.13+0-b1751.21-8125866)
# Java VM: OpenJDK 64-Bit Server VM (11.0.13+0-b1751.21-8125866, mixed mode, tiered, compressed oops, g1 gc, windows-amd64)
Heap:
 garbage-first heap   total 429056K, used 224784K [0x0000000080000000, 0x0000000100000000)
  region size 1024K, 9 young (9216K), 9 survivors (9216K)
 Metaspace       used 128843K, capacity 132860K, committed 133068K, reserved 1165312K
  class space    used 16226K, capacity 17783K, committed 17868K, reserved 1048576K
GC Heap History (20 events):
Event: 80.426 GC heap after
{Heap after GC invocations=72 (full 0):
 garbage-first heap   total 273408K, used 167710K [0x0000000080000000, 0x0000000100000000)
  region size 1024K, 4 young (4096K), 4 survivors (4096K)
 Metaspace       used 119194K, capacity 122312K, committed 122444K, reserved 1155072K
  class space    used 14746K, capacity 15893K, committed 15948K, reserved 1048576K
}
Event: 81.031 GC heap before
{Heap before GC invocations=73 (full 0):
 garbage-first heap   total 273408K, used 220958K [0x0000000080000000, 0x0000000100000000)
  region size 1024K, 55 young (56320K), 4 survivors (4096K)
 Metaspace       used 119482K, capacity 122573K, committed 122700K, reserved 1157120K
  class space    used 14774K, capacity 15893K, committed 15948K, reserved 1048576K
}
Event: 81.040 GC heap after
{Heap after GC invocations=74 (full 0):
 garbage-first heap   total 273408K, used 173221K [0x0000000080000000, 0x0000000100000000)
  region size 1024K, 7 young (7168K), 7 survivors (7168K)
 Metaspace       used 119482K, capacity 122573K, committed 122700K, reserved 1157120K
  class space    used 14774K, capacity 15893K, committed 15948K, reserved 1048576K
}
Event: 81.304 GC heap before
{Heap before GC invocations=74 (full 0):
 garbage-first heap   total 273408K, used 223397K [0x0000000080000000, 0x0000000100000000)
  region size 1024K, 57 young (58368K), 7 survivors (7168K)
 Metaspace       used 119836K, capacity 122932K, committed 123084K, reserved 1157120K
  class space    used 14825K, capacity 15948K, committed 16076K, reserved 1048576K
}
Event: 81.316 GC heap after
{Heap after GC invocations=75 (full 0):
 garbage-first heap   total 328704K, used 174652K [0x0000000080000000, 0x0000000100000000)
  region size 1024K, 5 young (5120K), 5 survivors (5120K)
 Metaspace       used 119836K, capacity 122932K, committed 123084K, reserved 1157120K
  class space    used 14825K, capacity 15948K, committed 16076K, reserved 1048576K
}
Event: 81.953 GC heap before
{Heap before GC invocations=75 (full 0):
 garbage-first heap   total 328704K, used 251452K [0x0000000080000000, 0x0000000100000000)
  region size 1024K, 79 young (80896K), 5 survivors (5120K)
 Metaspace       used 119989K, capacity 123145K, committed 123340K, reserved 1157120K
  class space    used 14847K, capacity 15968K, committed 16076K, reserved 1048576K
}
Event: 81.957 GC heap after
{Heap after GC invocations=76 (full 0):
 garbage-first heap   total 328704K, used 172457K [0x0000000080000000, 0x0000000100000000)
  region size 1024K, 3 young (3072K), 3 survivors (3072K)
 Metaspace       used 119989K, capacity 123145K, committed 123340K, reserved 1157120K
  class space    used 14847K, capacity 15968K, committed 16076K, reserved 1048576K
}
Event: 82.493 GC heap before
{Heap before GC invocations=76 (full 0):
 garbage-first heap   total 328704K, used 260521K [0x0000000080000000, 0x0000000100000000)
  region size 1024K, 88 young (90112K), 3 survivors (3072K)
 Metaspace       used 120058K, capacity 123265K, committed 123340K, reserved 1157120K
  class space    used 14854K, capacity 16007K, committed 16076K, reserved 1048576K
}
Event: 82.498 GC heap after
{Heap after GC invocations=77 (full 0):
 garbage-first heap   total 328704K, used 172561K [0x0000000080000000, 0x0000000100000000)
  region size 1024K, 3 young (3072K), 3 survivors (3072K)
 Metaspace       used 120058K, capacity 123265K, committed 123340K, reserved 1157120K
  class space    used 14854K, capacity 16007K, committed 16076K, reserved 1048576K
}
Event: 83.010 GC heap before
{Heap before GC invocations=77 (full 0):
 garbage-first heap   total 328704K, used 264721K [0x0000000080000000, 0x0000000100000000)
  region size 1024K, 93 young (95232K), 3 survivors (3072K)
 Metaspace       used 120058K, capacity 123265K, committed 123340K, reserved 1157120K
  class space    used 14854K, capacity 16007K, committed 16076K, reserved 1048576K
}
Event: 83.016 GC heap after
{Heap after GC invocations=78 (full 0):
 garbage-first heap   total 328704K, used 173927K [0x0000000080000000, 0x0000000100000000)
  region size 1024K, 5 young (5120K), 5 survivors (5120K)
 Metaspace       used 120058K, capacity 123265K, committed 123340K, reserved 1157120K
  class space    used 14854K, capacity 16007K, committed 16076K, reserved 1048576K
}
Event: 84.020 GC heap before
{Heap before GC invocations=78 (full 0):
 garbage-first heap   total 328704K, used 272231K [0x0000000080000000, 0x0000000100000000)
  region size 1024K, 96 young (98304K), 5 survivors (5120K)
 Metaspace       used 120713K, capacity 123866K, committed 123980K, reserved 1157120K
  class space    used 14953K, capacity 16119K, committed 16204K, reserved 1048576K
}
Event: 84.040 GC heap after
{Heap after GC invocations=79 (full 0):
 garbage-first heap   total 328704K, used 180079K [0x0000000080000000, 0x0000000100000000)
  region size 1024K, 11 young (11264K), 11 survivors (11264K)
 Metaspace       used 120713K, capacity 123866K, committed 123980K, reserved 1157120K
  class space    used 14953K, capacity 16119K, committed 16204K, reserved 1048576K
}
Event: 84.829 GC heap before
{Heap before GC invocations=79 (full 0):
 garbage-first heap   total 328704K, used 269167K [0x0000000080000000, 0x0000000100000000)
  region size 1024K, 99 young (101376K), 11 survivors (11264K)
 Metaspace       used 121898K, capacity 125075K, committed 125388K, reserved 1159168K
  class space    used 15111K, capacity 16265K, committed 16332K, reserved 1048576K
}
Event: 84.887 GC heap after
{Heap after GC invocations=80 (full 0):
 garbage-first heap   total 328704K, used 196297K [0x0000000080000000, 0x0000000100000000)
  region size 1024K, 13 young (13312K), 13 survivors (13312K)
 Metaspace       used 121898K, capacity 125075K, committed 125388K, reserved 1159168K
  class space    used 15111K, capacity 16265K, committed 16332K, reserved 1048576K
}
Event: 86.510 GC heap before
{Heap before GC invocations=80 (full 0):
 garbage-first heap   total 328704K, used 267977K [0x0000000080000000, 0x0000000100000000)
  region size 1024K, 83 young (84992K), 13 survivors (13312K)
 Metaspace       used 126194K, capacity 129703K, committed 129996K, reserved 1163264K
  class space    used 15711K, capacity 16992K, committed 17100K, reserved 1048576K
}
Event: 86.527 GC heap after
{Heap after GC invocations=81 (full 0):
 garbage-first heap   total 328704K, used 203258K [0x0000000080000000, 0x0000000100000000)
  region size 1024K, 11 young (11264K), 11 survivors (11264K)
 Metaspace       used 126194K, capacity 129703K, committed 129996K, reserved 1163264K
  class space    used 15711K, capacity 16992K, committed 17100K, reserved 1048576K
}
Event: 86.756 GC heap before
{Heap before GC invocations=81 (full 0):
 garbage-first heap   total 328704K, used 268794K [0x0000000080000000, 0x0000000100000000)
  region size 1024K, 75 young (76800K), 11 survivors (11264K)
 Metaspace       used 127923K, capacity 131795K, committed 132044K, reserved 1163264K
  class space    used 16064K, capacity 17582K, committed 17612K, reserved 1048576K
}
Event: 86.780 GC heap after
{Heap after GC invocations=82 (full 0):
 garbage-first heap   total 328704K, used 214580K [0x0000000080000000, 0x0000000100000000)
  region size 1024K, 10 young (10240K), 10 survivors (10240K)
 Metaspace       used 127923K, capacity 131795K, committed 132044K, reserved 1163264K
  class space    used 16064K, capacity 17582K, committed 17612K, reserved 1048576K
}
Event: 86.901 GC heap before
{Heap before GC invocations=82 (full 0):
 garbage-first heap   total 328704K, used 269876K [0x0000000080000000, 0x0000000100000000)
  region size 1024K, 65 young (66560K), 10 survivors (10240K)
 Metaspace       used 128843K, capacity 132860K, committed 133068K, reserved 1165312K
  class space    used 16226K, capacity 17783K, committed 17868K, reserved 1048576K
}

